RecordNumber,EventRecordId,TimeCreated,EventId,Level,Provider,Channel,ProcessId,ThreadId,Computer,ChunkNumber,UserId,MapDescription,UserName,RemoteHost,PayloadData1,PayloadData2,PayloadData3,PayloadData4,PayloadData5,PayloadData6,ExecutableInfo,HiddenRecord,SourceFile,Keywords,ExtraDataOffset,Payload
1,1,2023-03-01 07:14:25.0242267,40961,Info,Microsoft-Windows-PowerShell,Microsoft-Windows-PowerShell/Operational,2008,3600,DESKTOP-887GK2L,0,S-1-5-18,,,,,,,,,,,False,C:\Users\user\Desktop\Pentest\Sherlocks\Easy\logjammer\Event-Logs\Powershell-Operational.evtx,0x0,0,"{""EventData"":""""}"
2,2,2023-03-01 07:14:25.3673133,53504,Info,Microsoft-Windows-PowerShell,Microsoft-Windows-PowerShell/Operational,2008,2656,DESKTOP-887GK2L,0,S-1-5-18,,,,,,,,,,,False,C:\Users\user\Desktop\Pentest\Sherlocks\Easy\logjammer\Event-Logs\Powershell-Operational.evtx,0x0,0,"{""EventData"":{""Data"":[{""@Name"":""param1"",""#text"":""2008""},{""@Name"":""param2"",""#text"":""DefaultAppDomain""}]}}"
3,3,2023-03-01 07:14:25.7502823,40962,Info,Microsoft-Windows-PowerShell,Microsoft-Windows-PowerShell/Operational,2008,3600,DESKTOP-887GK2L,0,S-1-5-18,,,,,,,,,,,False,C:\Users\user\Desktop\Pentest\Sherlocks\Easy\logjammer\Event-Logs\Powershell-Operational.evtx,0x0,0,"{""EventData"":""""}"
4,4,2023-03-01 07:14:26.9162195,40961,Info,Microsoft-Windows-PowerShell,Microsoft-Windows-PowerShell/Operational,1936,6156,DESKTOP-887GK2L,0,S-1-5-18,,,,,,,,,,,False,C:\Users\user\Desktop\Pentest\Sherlocks\Easy\logjammer\Event-Logs\Powershell-Operational.evtx,0x0,0,"{""EventData"":""""}"
5,5,2023-03-01 07:14:27.0242667,53504,Info,Microsoft-Windows-PowerShell,Microsoft-Windows-PowerShell/Operational,1936,7324,DESKTOP-887GK2L,0,S-1-5-18,,,,,,,,,,,False,C:\Users\user\Desktop\Pentest\Sherlocks\Easy\logjammer\Event-Logs\Powershell-Operational.evtx,0x0,0,"{""EventData"":{""Data"":[{""@Name"":""param1"",""#text"":""1936""},{""@Name"":""param2"",""#text"":""DefaultAppDomain""}]}}"
6,6,2023-03-01 07:14:27.2229310,40962,Info,Microsoft-Windows-PowerShell,Microsoft-Windows-PowerShell/Operational,1936,6156,DESKTOP-887GK2L,0,S-1-5-18,,,,,,,,,,,False,C:\Users\user\Desktop\Pentest\Sherlocks\Easy\logjammer\Event-Logs\Powershell-Operational.evtx,0x0,0,"{""EventData"":""""}"
7,7,2023-03-01 07:29:19.1961605,40961,Info,Microsoft-Windows-PowerShell,Microsoft-Windows-PowerShell/Operational,1660,3500,DESKTOP-887GK2L,0,S-1-5-21-3393683511-3463148672-371912004-1001,,,,,,,,,,,False,C:\Users\user\Desktop\Pentest\Sherlocks\Easy\logjammer\Event-Logs\Powershell-Operational.evtx,0x0,0,"{""EventData"":""""}"
8,8,2023-03-01 07:29:19.4116930,53504,Info,Microsoft-Windows-PowerShell,Microsoft-Windows-PowerShell/Operational,1660,8792,DESKTOP-887GK2L,0,S-1-5-21-3393683511-3463148672-371912004-1001,,,,,,,,,,,False,C:\Users\user\Desktop\Pentest\Sherlocks\Easy\logjammer\Event-Logs\Powershell-Operational.evtx,0x0,0,"{""EventData"":{""Data"":[{""@Name"":""param1"",""#text"":""1660""},{""@Name"":""param2"",""#text"":""DefaultAppDomain""}]}}"
9,9,2023-03-01 07:29:19.6423125,40962,Info,Microsoft-Windows-PowerShell,Microsoft-Windows-PowerShell/Operational,1660,3500,DESKTOP-887GK2L,0,S-1-5-21-3393683511-3463148672-371912004-1001,,,,,,,,,,,False,C:\Users\user\Desktop\Pentest\Sherlocks\Easy\logjammer\Event-Logs\Powershell-Operational.evtx,0x0,0,"{""EventData"":""""}"
10,10,2023-03-01 07:29:20.5869433,40961,Info,Microsoft-Windows-PowerShell,Microsoft-Windows-PowerShell/Operational,1648,8388,DESKTOP-887GK2L,0,S-1-5-21-3393683511-3463148672-371912004-1001,,,,,,,,,,,False,C:\Users\user\Desktop\Pentest\Sherlocks\Easy\logjammer\Event-Logs\Powershell-Operational.evtx,0x0,0,"{""EventData"":""""}"
11,11,2023-03-01 07:29:20.6778517,53504,Info,Microsoft-Windows-PowerShell,Microsoft-Windows-PowerShell/Operational,1648,6344,DESKTOP-887GK2L,0,S-1-5-21-3393683511-3463148672-371912004-1001,,,,,,,,,,,False,C:\Users\user\Desktop\Pentest\Sherlocks\Easy\logjammer\Event-Logs\Powershell-Operational.evtx,0x0,0,"{""EventData"":{""Data"":[{""@Name"":""param1"",""#text"":""1648""},{""@Name"":""param2"",""#text"":""DefaultAppDomain""}]}}"
12,12,2023-03-01 07:29:20.8013243,40962,Info,Microsoft-Windows-PowerShell,Microsoft-Windows-PowerShell/Operational,1648,8388,DESKTOP-887GK2L,0,S-1-5-21-3393683511-3463148672-371912004-1001,,,,,,,,,,,False,C:\Users\user\Desktop\Pentest\Sherlocks\Easy\logjammer\Event-Logs\Powershell-Operational.evtx,0x0,0,"{""EventData"":""""}"
13,13,2023-03-01 07:29:21.1721926,4104,Warning,Microsoft-Windows-PowerShell,Microsoft-Windows-PowerShell/Operational,1648,2608,DESKTOP-887GK2L,0,S-1-5-21-3393683511-3463148672-371912004-1001,Contains contents of scripts run,,,"Path: ","ScriptBlockText: , #requires -version 3.0, try { Microsoft.PowerShell.Core\Set-StrictMode -Off } catch { }, $script:MyModule = $MyInvocation.MyCommand.ScriptBlock.Module, $script:ClassName = 'Root/Microsoft/Windows/TaskScheduler/MSFT_ScheduledTask', $script:ClassVersion = '', $script:ModuleVersion = '1.0', $script:ObjectModelWrapper = [Microsoft.PowerShell.Cmdletization.Cim.CimCmdletAdapter], $script:PrivateData = [System.Collections.Generic.Dictionary[string,string]]::new(), Microsoft.PowerShell.Core\Export-ModuleMember -Function @(),         , function __cmdletization_BindCommonParameters, {,     param(,         $__cmdletization_objectModelWrapper,,         $myPSBoundParameters,     )       ,                 ,         if ($myPSBoundParameters.ContainsKey('CimSession')) { ,             $__cmdletization_objectModelWrapper.PSObject.Properties['CimSession'].Value = $myPSBoundParameters['CimSession'] ,         },                     ,         if ($myPSBoundParameters.ContainsKey('ThrottleLimit')) { ,             $__cmdletization_objectModelWrapper.PSObject.Properties['ThrottleLimit'].Value = $myPSBoundParameters['ThrottleLimit'] ,         },                     ,         if ($myPSBoundParameters.ContainsKey('AsJob')) { ,             $__cmdletization_objectModelWrapper.PSObject.Properties['AsJob'].Value = $myPSBoundParameters['AsJob'] ,         },                     , },                 , function Get-ScheduledTask, {,     [CmdletBinding(DefaultParameterSetName='ByPath', PositionalBinding=$false)],     ,     [OutputType([Microsoft.Management.Infrastructure.CimInstance])], [OutputType('Microsoft.Management.Infrastructure.CimInstance#Root/Microsoft/Windows/TaskScheduler/MSFT_ScheduledTask')],     param(,     ,     [Parameter(ParameterSetName='ByPath', Position=0, ValueFromPipelineByPropertyName=$true)],     [ValidateNotNull()],     [string[]],     ${TaskName},,     [Parameter(ParameterSetName='ByPath', Position=1, ValueFromPipelineByPropertyName=$true)],     [ValidateNotNull()],     [string[]],     ${TaskPath},,     [Parameter(ParameterSetName='ByPath')],     [Alias('Session')],     [ValidateNotNullOrEmpty()],     [CimSession[]],     ${CimSession},,     [Parameter(ParameterSetName='ByPath')],     [int],     ${ThrottleLimit},,     [Parameter(ParameterSetName='ByPath')],     [switch],     ${AsJob}),     DynamicParam {,         try ,         {,             if (-not $__cmdletization_exceptionHasBeenThrown),             {,                 $__cmdletization_objectModelWrapper = $script:ObjectModelWrapper::new(),                 $__cmdletization_objectModelWrapper.Initialize($PSCmdlet, $script:ClassName, $script:ClassVersion, $script:ModuleVersion, $script:PrivateData),                 if ($__cmdletization_objectModelWrapper -is [System.Management.Automation.IDynamicParameters]),                 {,                     ([System.Management.Automation.IDynamicParameters]$__cmdletization_objectModelWrapper).GetDynamicParameters(),                 },             },         },         catch,         {,             $__cmdletization_exceptionHasBeenThrown = $true,             throw,         },     },     Begin {,         $__cmdletization_exceptionHasBeenThrown = $false,         try ,         {,             __cmdletization_BindCommonParameters $__cmdletization_objectModelWrapper $PSBoundParameters,             $__cmdletization_objectModelWrapper.BeginProcessing(),         },         catch,         {,             $__cmdletization_exceptionHasBeenThrown = $true,             throw,         },     },         ,     Process {,         try ,         {,             if (-not $__cmdletization_exceptionHasBeenThrown),             {,     $__cmdletization_queryBuilder = $__cmdletization_objectModelWrapper.GetQueryBuilder(),     if ($PSBoundParameters.ContainsKey('TaskName') -and (@('ByPath') -contains $PSCmdlet.ParameterSetName )) {,         $__cmdletization_values = @(${TaskName}),         $__cmdletization_queryBuilder.FilterByProperty('TaskName', $__cmdletization_values, $true, 'Default'),     },     if ($PSBoundParameters.ContainsKey('TaskPath') -and (@('ByPath') -contains $PSCmdlet.ParameterSetName )) {,         $__cmdletization_values = @(${TaskPath}),         $__cmdletization_queryBuilder.FilterByProperty('TaskPath', $__cmdletization_values, $true, 'Default'),     },     $__cmdletization_objectModelWrapper.ProcessRecord($__cmdletization_queryBuilder),             },         },         catch,         {,             $__cmdletization_exceptionHasBeenThrown = $true,             throw,         },     },         ,     End {,         try,         {,             if (-not $__cmdletization_exceptionHasBeenThrown),             {,                 $__cmdletization_objectModelWrapper.EndProcessing(),             },         },         catch,         {,             throw,         },     },     # .EXTERNALHELP MSFT_ScheduledTask_v1.0.cdxml-Help.xml, }, Microsoft.PowerShell.Core\Export-ModuleMember -Function 'Get-ScheduledTask' -Alias '*',         , function Unregister-ScheduledTask, {,     [CmdletBinding(DefaultParameterSetName='ByPath', SupportsShouldProcess=$true, ConfirmImpact='High', PositionalBinding=$false)],     ,     [OutputType([Microsoft.Management.Infrastructure.CimInstance])], [OutputType('Microsoft.Management.Infrastructure.CimInstance#Root/Microsoft/Windows/TaskScheduler/MSFT_ScheduledTask')],     param(,     ,     [Parameter(ParameterSetName='ByPath', Position=0, ValueFromPipelineByPropertyName=$true)],     [ValidateNotNull()],     [string[]],     ${TaskName},,     [Parameter(ParameterSetName='ByPath', Position=1, ValueFromPipelineByPropertyName=$true)],     [ValidateNotNull()],     [string[]],     ${TaskPath},,     [Parameter(ParameterSetName='InputObject (cdxml)', Mandatory=$true, ValueFromPipeline=$true)],     [PSTypeName('Microsoft.Management.Infrastructure.CimInstance#MSFT_ScheduledTask')],     [ValidateNotNull()],     [ciminstance[]],     ${InputObject},,     [Parameter(ParameterSetName='ByPath')],     [Parameter(ParameterSetName='InputObject (cdxml)')],     [Alias('Session')],     [ValidateNotNullOrEmpty()],     [CimSession[]],     ${CimSession},,     [Parameter(ParameterSetName='ByPath')],     [Parameter(ParameterSetName='InputObject (cdxml)')],     [int],     ${ThrottleLimit},,     [Parameter(ParameterSetName='ByPath')],     [Parameter(ParameterSetName='InputObject (cdxml)')],     [switch],     ${AsJob},,     [Parameter(ParameterSetName='ByPath')],     [Parameter(ParameterSetName='InputObject (cdxml)')],     [switch],     ${PassThru}),     DynamicParam {,         try ,         {,             if (-not $__cmdletization_exceptionHasBeenThrown),             {,                 $__cmdletization_objectModelWrapper = $script:ObjectModelWrapper::new(),                 $__cmdletization_objectModelWrapper.Initialize($PSCmdlet, $script:ClassName, $script:ClassVersion, $script:ModuleVersion, $script:PrivateData),                 if ($__cmdletization_objectModelWrapper -is [System.Management.Automation.IDynamicParameters]),                 {,                     ([System.Management.Automation.IDynamicParameters]$__cmdletization_objectModelWrapper).GetDynamicParameters(),                 },             },         },         catch,         {,             $__cmdletization_exceptionHasBeenThrown = $true,             throw,         },     },     Begin {,         $__cmdletization_exceptionHasBeenThrown = $false,         try ,         {,             __cmdletization_BindCommonParameters $__cmdletization_objectModelWrapper $PSBoundParameters,             $__cmdletization_objectModelWrapper.BeginProcessing(),         },         catch,         {,             $__cmdletization_exceptionHasBeenThrown = $true,             throw,         },     },         ,     Process {,         try ,         {,             if (-not $__cmdletization_exceptionHasBeenThrown),             {,     $__cmdletization_queryBuilder = $__cmdletization_objectModelWrapper.GetQueryBuilder(),     if ($PSBoundParameters.ContainsKey('TaskName') -and (@('ByPath') -contains $PSCmdlet.ParameterSetName )) {,         $__cmdletization_values = @(${TaskName}),         $__cmdletization_queryBuilder.FilterByProperty('TaskName', $__cmdletization_values, $true, 'Default'),     },     if ($PSBoundParameters.ContainsKey('TaskPath') -and (@('ByPath') -contains $PSCmdlet.ParameterSetName )) {,         $__cmdletization_values = @(${TaskPath}),         $__cmdletization_queryBuilder.FilterByProperty('TaskPath', $__cmdletization_values, $true, 'Default'),     },     $__cmdletization_methodParameters = [System.Collections.Generic.List[Microsoft.PowerShell.Cmdletization.MethodParameter]]::new(),     switch -exact ($PSCmdlet.ParameterSetName) { ,         { @('ByPath', 'InputObject (cdxml)') -contains $_ } {,       $__cmdletization_returnValue = $null,       $__cmdletization_methodInvocationInfo = [Microsoft.PowerShell.Cmdletization.MethodInvocationInfo]::new('cim:DeleteInstance', $__cmdletization_methodParameters, $__cmdletization_returnValue),       $__cmdletization_passThru = $PSBoundParameters.ContainsKey('PassThru') -and $PassThru,             if ($PSBoundParameters.ContainsKey('InputObject')) {,                 foreach ($x in $InputObject) { $__cmdletization_objectModelWrapper.ProcessRecord($x, $__cmdletization_methodInvocationInfo, $__cmdletization_PassThru) },             } else {,                 $__cmdletization_objectModelWrapper.ProcessRecord($__cmdletization_queryBuilder, $__cmdletization_methodInvocationInfo, $__cmdletization_PassThru),             },         },     },             },         },         catch,         {,             $__cmdletization_exceptionHasBeenThrown = $true,             throw,         },     },         ,     End {,         try,         {,             if (-not $__cmdletization_exceptionHasBeenThrown),             {,                 $__cmdletization_objectModelWrapper.EndProcessing(),             },         },         catch,         {,             throw,         },     },     # .EXTERNALHELP MSFT_ScheduledTask_v1.0.cdxml-Help.xml, }, Microsoft.PowerShell.Core\Export-ModuleMember -Function 'Unregister-ScheduledTask' -Alias '*',         , ",,,,,,False,C:\Users\user\Desktop\Pentest\Sherlocks\Easy\logjammer\Event-Logs\Powershell-Operational.evtx,0x0,0,"{""EventData"":{""Data"":[{""@Name"":""MessageNumber"",""#text"":""1""},{""@Name"":""MessageTotal"",""#text"":""1""},{""@Name"":""ScriptBlockText"",""#text"":"", #requires -version 3.0, try { Microsoft.PowerShell.Core\\Set-StrictMode -Off } catch { }, $script:MyModule = $MyInvocation.MyCommand.ScriptBlock.Module, $script:ClassName = 'Root/Microsoft/Windows/TaskScheduler/MSFT_ScheduledTask', $script:ClassVersion = '', $script:ModuleVersion = '1.0', $script:ObjectModelWrapper = [Microsoft.PowerShell.Cmdletization.Cim.CimCmdletAdapter], $script:PrivateData = [System.Collections.Generic.Dictionary[string,string]]::new(), Microsoft.PowerShell.Core\\Export-ModuleMember -Function @(),         , function __cmdletization_BindCommonParameters, {,     param(,         $__cmdletization_objectModelWrapper,,         $myPSBoundParameters,     )       ,                 ,         if ($myPSBoundParameters.ContainsKey('CimSession')) { ,             $__cmdletization_objectModelWrapper.PSObject.Properties['CimSession'].Value = $myPSBoundParameters['CimSession'] ,         },                     ,         if ($myPSBoundParameters.ContainsKey('ThrottleLimit')) { ,             $__cmdletization_objectModelWrapper.PSObject.Properties['ThrottleLimit'].Value = $myPSBoundParameters['ThrottleLimit'] ,         },                     ,         if ($myPSBoundParameters.ContainsKey('AsJob')) { ,             $__cmdletization_objectModelWrapper.PSObject.Properties['AsJob'].Value = $myPSBoundParameters['AsJob'] ,         },                     , },                 , function Get-ScheduledTask, {,     [CmdletBinding(DefaultParameterSetName='ByPath', PositionalBinding=$false)],     ,     [OutputType([Microsoft.Management.Infrastructure.CimInstance])], [OutputType('Microsoft.Management.Infrastructure.CimInstance#Root/Microsoft/Windows/TaskScheduler/MSFT_ScheduledTask')],     param(,     ,     [Parameter(ParameterSetName='ByPath', Position=0, ValueFromPipelineByPropertyName=$true)],     [ValidateNotNull()],     [string[]],     ${TaskName},,     [Parameter(ParameterSetName='ByPath', Position=1, ValueFromPipelineByPropertyName=$true)],     [ValidateNotNull()],     [string[]],     ${TaskPath},,     [Parameter(ParameterSetName='ByPath')],     [Alias('Session')],     [ValidateNotNullOrEmpty()],     [CimSession[]],     ${CimSession},,     [Parameter(ParameterSetName='ByPath')],     [int],     ${ThrottleLimit},,     [Parameter(ParameterSetName='ByPath')],     [switch],     ${AsJob}),     DynamicParam {,         try ,         {,             if (-not $__cmdletization_exceptionHasBeenThrown),             {,                 $__cmdletization_objectModelWrapper = $script:ObjectModelWrapper::new(),                 $__cmdletization_objectModelWrapper.Initialize($PSCmdlet, $script:ClassName, $script:ClassVersion, $script:ModuleVersion, $script:PrivateData),                 if ($__cmdletization_objectModelWrapper -is [System.Management.Automation.IDynamicParameters]),                 {,                     ([System.Management.Automation.IDynamicParameters]$__cmdletization_objectModelWrapper).GetDynamicParameters(),                 },             },         },         catch,         {,             $__cmdletization_exceptionHasBeenThrown = $true,             throw,         },     },     Begin {,         $__cmdletization_exceptionHasBeenThrown = $false,         try ,         {,             __cmdletization_BindCommonParameters $__cmdletization_objectModelWrapper $PSBoundParameters,             $__cmdletization_objectModelWrapper.BeginProcessing(),         },         catch,         {,             $__cmdletization_exceptionHasBeenThrown = $true,             throw,         },     },         ,     Process {,         try ,         {,             if (-not $__cmdletization_exceptionHasBeenThrown),             {,     $__cmdletization_queryBuilder = $__cmdletization_objectModelWrapper.GetQueryBuilder(),     if ($PSBoundParameters.ContainsKey('TaskName') -and (@('ByPath') -contains $PSCmdlet.ParameterSetName )) {,         $__cmdletization_values = @(${TaskName}),         $__cmdletization_queryBuilder.FilterByProperty('TaskName', $__cmdletization_values, $true, 'Default'),     },     if ($PSBoundParameters.ContainsKey('TaskPath') -and (@('ByPath') -contains $PSCmdlet.ParameterSetName )) {,         $__cmdletization_values = @(${TaskPath}),         $__cmdletization_queryBuilder.FilterByProperty('TaskPath', $__cmdletization_values, $true, 'Default'),     },     $__cmdletization_objectModelWrapper.ProcessRecord($__cmdletization_queryBuilder),             },         },         catch,         {,             $__cmdletization_exceptionHasBeenThrown = $true,             throw,         },     },         ,     End {,         try,         {,             if (-not $__cmdletization_exceptionHasBeenThrown),             {,                 $__cmdletization_objectModelWrapper.EndProcessing(),             },         },         catch,         {,             throw,         },     },     # .EXTERNALHELP MSFT_ScheduledTask_v1.0.cdxml-Help.xml, }, Microsoft.PowerShell.Core\\Export-ModuleMember -Function 'Get-ScheduledTask' -Alias '*',         , function Unregister-ScheduledTask, {,     [CmdletBinding(DefaultParameterSetName='ByPath', SupportsShouldProcess=$true, ConfirmImpact='High', PositionalBinding=$false)],     ,     [OutputType([Microsoft.Management.Infrastructure.CimInstance])], [OutputType('Microsoft.Management.Infrastructure.CimInstance#Root/Microsoft/Windows/TaskScheduler/MSFT_ScheduledTask')],     param(,     ,     [Parameter(ParameterSetName='ByPath', Position=0, ValueFromPipelineByPropertyName=$true)],     [ValidateNotNull()],     [string[]],     ${TaskName},,     [Parameter(ParameterSetName='ByPath', Position=1, ValueFromPipelineByPropertyName=$true)],     [ValidateNotNull()],     [string[]],     ${TaskPath},,     [Parameter(ParameterSetName='InputObject (cdxml)', Mandatory=$true, ValueFromPipeline=$true)],     [PSTypeName('Microsoft.Management.Infrastructure.CimInstance#MSFT_ScheduledTask')],     [ValidateNotNull()],     [ciminstance[]],     ${InputObject},,     [Parameter(ParameterSetName='ByPath')],     [Parameter(ParameterSetName='InputObject (cdxml)')],     [Alias('Session')],     [ValidateNotNullOrEmpty()],     [CimSession[]],     ${CimSession},,     [Parameter(ParameterSetName='ByPath')],     [Parameter(ParameterSetName='InputObject (cdxml)')],     [int],     ${ThrottleLimit},,     [Parameter(ParameterSetName='ByPath')],     [Parameter(ParameterSetName='InputObject (cdxml)')],     [switch],     ${AsJob},,     [Parameter(ParameterSetName='ByPath')],     [Parameter(ParameterSetName='InputObject (cdxml)')],     [switch],     ${PassThru}),     DynamicParam {,         try ,         {,             if (-not $__cmdletization_exceptionHasBeenThrown),             {,                 $__cmdletization_objectModelWrapper = $script:ObjectModelWrapper::new(),                 $__cmdletization_objectModelWrapper.Initialize($PSCmdlet, $script:ClassName, $script:ClassVersion, $script:ModuleVersion, $script:PrivateData),                 if ($__cmdletization_objectModelWrapper -is [System.Management.Automation.IDynamicParameters]),                 {,                     ([System.Management.Automation.IDynamicParameters]$__cmdletization_objectModelWrapper).GetDynamicParameters(),                 },             },         },         catch,         {,             $__cmdletization_exceptionHasBeenThrown = $true,             throw,         },     },     Begin {,         $__cmdletization_exceptionHasBeenThrown = $false,         try ,         {,             __cmdletization_BindCommonParameters $__cmdletization_objectModelWrapper $PSBoundParameters,             $__cmdletization_objectModelWrapper.BeginProcessing(),         },         catch,         {,             $__cmdletization_exceptionHasBeenThrown = $true,             throw,         },     },         ,     Process {,         try ,         {,             if (-not $__cmdletization_exceptionHasBeenThrown),             {,     $__cmdletization_queryBuilder = $__cmdletization_objectModelWrapper.GetQueryBuilder(),     if ($PSBoundParameters.ContainsKey('TaskName') -and (@('ByPath') -contains $PSCmdlet.ParameterSetName )) {,         $__cmdletization_values = @(${TaskName}),         $__cmdletization_queryBuilder.FilterByProperty('TaskName', $__cmdletization_values, $true, 'Default'),     },     if ($PSBoundParameters.ContainsKey('TaskPath') -and (@('ByPath') -contains $PSCmdlet.ParameterSetName )) {,         $__cmdletization_values = @(${TaskPath}),         $__cmdletization_queryBuilder.FilterByProperty('TaskPath', $__cmdletization_values, $true, 'Default'),     },     $__cmdletization_methodParameters = [System.Collections.Generic.List[Microsoft.PowerShell.Cmdletization.MethodParameter]]::new(),     switch -exact ($PSCmdlet.ParameterSetName) { ,         { @('ByPath', 'InputObject (cdxml)') -contains $_ } {,       $__cmdletization_returnValue = $null,       $__cmdletization_methodInvocationInfo = [Microsoft.PowerShell.Cmdletization.MethodInvocationInfo]::new('cim:DeleteInstance', $__cmdletization_methodParameters, $__cmdletization_returnValue),       $__cmdletization_passThru = $PSBoundParameters.ContainsKey('PassThru') -and $PassThru,             if ($PSBoundParameters.ContainsKey('InputObject')) {,                 foreach ($x in $InputObject) { $__cmdletization_objectModelWrapper.ProcessRecord($x, $__cmdletization_methodInvocationInfo, $__cmdletization_PassThru) },             } else {,                 $__cmdletization_objectModelWrapper.ProcessRecord($__cmdletization_queryBuilder, $__cmdletization_methodInvocationInfo, $__cmdletization_PassThru),             },         },     },             },         },         catch,         {,             $__cmdletization_exceptionHasBeenThrown = $true,             throw,         },     },         ,     End {,         try,         {,             if (-not $__cmdletization_exceptionHasBeenThrown),             {,                 $__cmdletization_objectModelWrapper.EndProcessing(),             },         },         catch,         {,             throw,         },     },     # .EXTERNALHELP MSFT_ScheduledTask_v1.0.cdxml-Help.xml, }, Microsoft.PowerShell.Core\\Export-ModuleMember -Function 'Unregister-ScheduledTask' -Alias '*',         , ""},{""@Name"":""ScriptBlockId"",""#text"":""36ed7686-1cad-4a49-8099-4e330d74765b""},{""@Name"":""Path""}]}}"
14,14,2023-03-01 07:29:21.2783339,4104,Warning,Microsoft-Windows-PowerShell,Microsoft-Windows-PowerShell/Operational,1648,2608,DESKTOP-887GK2L,0,S-1-5-21-3393683511-3463148672-371912004-1001,Contains contents of scripts run,,,"Path: ","ScriptBlockText: , #requires -version 3.0, try { Microsoft.PowerShell.Core\Set-StrictMode -Off } catch { }, $script:MyModule = $MyInvocation.MyCommand.ScriptBlock.Module, $script:ClassName = 'Root/Microsoft/Windows/TaskScheduler/PS_ScheduledTask', $script:ClassVersion = '1.0', $script:ModuleVersion = '1.0', $script:ObjectModelWrapper = [Microsoft.PowerShell.Cmdletization.Cim.CimCmdletAdapter], $script:PrivateData = [System.Collections.Generic.Dictionary[string,string]]::new(), Microsoft.PowerShell.Core\Export-ModuleMember -Function @(),         , function __cmdletization_BindCommonParameters, {,     param(,         $__cmdletization_objectModelWrapper,,         $myPSBoundParameters,     )       ,                 ,         if ($myPSBoundParameters.ContainsKey('CimSession')) { ,             $__cmdletization_objectModelWrapper.PSObject.Properties['CimSession'].Value = $myPSBoundParameters['CimSession'] ,         },                     ,         if ($myPSBoundParameters.ContainsKey('ThrottleLimit')) { ,             $__cmdletization_objectModelWrapper.PSObject.Properties['ThrottleLimit'].Value = $myPSBoundParameters['ThrottleLimit'] ,         },                     ,         if ($myPSBoundParameters.ContainsKey('AsJob')) { ,             $__cmdletization_objectModelWrapper.PSObject.Properties['AsJob'].Value = $myPSBoundParameters['AsJob'] ,         },                     , },                 , function Disable-ScheduledTask, {,     [CmdletBinding(PositionalBinding=$false)],     ,     [OutputType([Microsoft.Management.Infrastructure.CimInstance])][OutputType('Microsoft.Management.Infrastructure.CimInstance#MSFT_ScheduledTask')][OutputType([Microsoft.Management.Infrastructure.CimInstance])][OutputType('Microsoft.Management.Infrastructure.CimInstance#MSFT_ScheduledTask')],     param(,     ,     [Parameter(ParameterSetName='Name', Mandatory=$true, Position=0)],     [ValidateNotNull()],     [ValidateNotNullOrEmpty()],     [string],     ${TaskName},,     [Parameter(ParameterSetName='Name', Position=1)],     [ValidateNotNull()],     [ValidateNotNullOrEmpty()],     [string],     ${TaskPath},,     [Parameter(ParameterSetName='Object', Mandatory=$true, Position=0, ValueFromPipeline=$true)],     [PSTypeName('Microsoft.Management.Infrastructure.CimInstance#MSFT_ScheduledTask')],     [ValidateNotNull()],     [ValidateNotNullOrEmpty()],     [ciminstance],     ${InputObject},,     [Parameter(ParameterSetName='Name')],     [Parameter(ParameterSetName='Object')],     [Alias('Session')],     [ValidateNotNullOrEmpty()],     [CimSession[]],     ${CimSession},,     [Parameter(ParameterSetName='Name')],     [Parameter(ParameterSetName='Object')],     [int],     ${ThrottleLimit},,     [Parameter(ParameterSetName='Name')],     [Parameter(ParameterSetName='Object')],     [switch],     ${AsJob}),     DynamicParam {,         try ,         {,             if (-not $__cmdletization_exceptionHasBeenThrown),             {,                 $__cmdletization_objectModelWrapper = $script:ObjectModelWrapper::new(),                 $__cmdletization_objectModelWrapper.Initialize($PSCmdlet, $script:ClassName, $script:ClassVersion, $script:ModuleVersion, $script:PrivateData),                 if ($__cmdletization_objectModelWrapper -is [System.Management.Automation.IDynamicParameters]),                 {,                     ([System.Management.Automation.IDynamicParameters]$__cmdletization_objectModelWrapper).GetDynamicParameters(),                 },             },         },         catch,         {,             $__cmdletization_exceptionHasBeenThrown = $true,             throw,         },     },     Begin {,         $__cmdletization_exceptionHasBeenThrown = $false,         try ,         {,             __cmdletization_BindCommonParameters $__cmdletization_objectModelWrapper $PSBoundParameters,             $__cmdletization_objectModelWrapper.BeginProcessing(),         },         catch,         {,             $__cmdletization_exceptionHasBeenThrown = $true,             throw,         },     },         ,     Process {,         try ,         {,             if (-not $__cmdletization_exceptionHasBeenThrown),             {,       $__cmdletization_methodParameters = [System.Collections.Generic.List[Microsoft.PowerShell.Cmdletization.MethodParameter]]::new(),       switch -exact ($PSCmdlet.ParameterSetName) { ,         { @('Name') -contains $_ } {,         [object]$__cmdletization_defaultValue = $null,         [object]$__cmdletization_defaultValueIsPresent = $false,         if ($PSBoundParameters.ContainsKey('TaskName')) {,           [object]$__cmdletization_value = ${TaskName},           $__cmdletization_methodParameter = [Microsoft.PowerShell.Cmdletization.MethodParameter]@{Name = 'TaskName'; ParameterType = 'System.String'; Bindings = 'In'; Value = $__cmdletization_value; IsValuePresent = $true},         } else {,           $__cmdletization_methodParameter = [Microsoft.PowerShell.Cmdletization.MethodParameter]@{Name = 'TaskName'; ParameterType = 'System.String'; Bindings = 'In'; Value = $__cmdletization_defaultValue; IsValuePresent = $__cmdletization_defaultValueIsPresent},         },         $__cmdletization_methodParameters.Add($__cmdletization_methodParameter),         [object]$__cmdletization_defaultValue = $null,         [object]$__cmdletization_defaultValueIsPresent = $false,         if ($PSBoundParameters.ContainsKey('TaskPath')) {,           [object]$__cmdletization_value = ${TaskPath},           $__cmdletization_methodParameter = [Microsoft.PowerShell.Cmdletization.MethodParameter]@{Name = 'TaskPath'; ParameterType = 'System.String'; Bindings = 'In'; Value = $__cmdletization_value; IsValuePresent = $true},         } else {,           $__cmdletization_methodParameter = [Microsoft.PowerShell.Cmdletization.MethodParameter]@{Name = 'TaskPath'; ParameterType = 'System.String'; Bindings = 'In'; Value = $__cmdletization_defaultValue; IsValuePresent = $__cmdletization_defaultValueIsPresent},         },         $__cmdletization_methodParameters.Add($__cmdletization_methodParameter),         [object]$__cmdletization_defaultValue = $null,         [object]$__cmdletization_defaultValueIsPresent = $false,           $__cmdletization_methodParameter = [Microsoft.PowerShell.Cmdletization.MethodParameter]@{Name = 'CmdletOutput'; ParameterType = 'Microsoft.Management.Infrastructure.CimInstance'; Bindings = 'Out'; Value = $__cmdletization_defaultValue; IsValuePresent = $__cmdletization_defaultValueIsPresent},         $__cmdletization_methodParameter.ParameterTypeName = 'Microsoft.Management.Infrastructure.CimInstance#MSFT_ScheduledTask',         $__cmdletization_methodParameters.Add($__cmdletization_methodParameter),       $__cmdletization_returnValue = [Microsoft.PowerShell.Cmdletization.MethodParameter]@{ Name = 'ReturnValue'; ParameterType = 'System.Int32'; Bindings = 'Error'; Value = $null; IsValuePresent = $false },       $__cmdletization_methodInvocationInfo = [Microsoft.PowerShell.Cmdletization.MethodInvocationInfo]::new('DisableByName', $__cmdletization_methodParameters, $__cmdletization_returnValue),       $__cmdletization_objectModelWrapper.ProcessRecord($__cmdletization_methodInvocationInfo),         },         { @('Object') -contains $_ } {,         [object]$__cmdletization_defaultValue = $null,         [object]$__cmdletization_defaultValueIsPresent = $false,         if ($PSBoundParameters.ContainsKey('InputObject')) {,           [object]$__cmdletization_value = ${InputObject},           $__cmdletization_methodParameter = [Microsoft.PowerShell.Cmdletization.MethodParameter]@{Name = 'InputObject'; ParameterType = 'Microsoft.Management.Infrastructure.CimInstance'; Bindings = 'In'; Value = $__cmdletization_value; IsValuePresent = $true},         } else {,           $__cmdletization_methodParameter = [Microsoft.PowerShell.Cmdletization.MethodParameter]@{Name = 'InputObject'; ParameterType = 'Microsoft.Management.Infrastructure.CimInstance'; Bindings = 'In'; Value = $__cmdletization_defaultValue; IsValuePresent = $__cmdletization_defaultValueIsPresent},         },         $__cmdletization_methodParameter.ParameterTypeName = 'Microsoft.Management.Infrastructure.CimInstance#MSFT_ScheduledTask',         $__cmdletization_methodParameters.Add($__cmdletization_methodParameter),         [object]$__cmdletization_defaultValue = $null,         [object]$__cmdletization_defaultValueIsPresent = $false,           $__cmdletization_methodParameter = [Microsoft.PowerShell.Cmdletization.MethodParameter]@{Name = 'CmdletOutput'; ParameterType = 'Microsoft.Management.Infrastructure.CimInstance'; Bindings = 'Out'; Value = $__cmdletization_defaultValue; IsValuePresent = $__cmdletization_defaultValueIsPresent},         $__cmdletization_methodParameter.ParameterTypeName = 'Microsoft.Management.Infrastructure.CimInstance#MSFT_ScheduledTask',         $__cmdletization_methodParameters.Add($__cmdletization_methodParameter),       $__cmdletization_returnValue = [Microsoft.PowerShell.Cmdletization.MethodParameter]@{ Name = 'ReturnValue'; ParameterType = 'System.Int32'; Bindings = 'Error'; Value = $null; IsValuePresent = $false },       $__cmdletization_methodInvocationInfo = [Microsoft.PowerShell.Cmdletization.MethodInvocationInfo]::new('DisableByObject', $__cmdletization_methodParameters, $__cmdletization_returnValue),       $__cmdletization_objectModelWrapper.ProcessRecord($__cmdletization_methodInvocationInfo),         },     },             },         },         catch,         {,             $__cmdletization_exceptionHasBeenThrown = $true,             throw,         },     },         ,     End {,         try,         {,             if (-not $__cmdletization_exceptionHasBeenThrown),             {,                 $__cmdletization_objectModelWrapper.EndProcessing(),             },         },         catch,         {,             throw,         },     },     # .EXTERNALHELP PS_ScheduledTask_v1.0.cdxml-Help.xml, }, Microsoft.PowerShell.Core\Export-ModuleMember -Function 'Disable-ScheduledTask' -Alias '*',         , function Enable-ScheduledTask, {,     [CmdletBinding(PositionalBinding=$false)],     ,     [OutputType([Microsoft.Management.Infrastructure.CimInstance])][OutputType('Microsoft.Management.Infrastructure.CimInstance#MSFT_ScheduledTask')][OutputType([Microsoft.Management.Infrastructure.CimInstance])][OutputType('Microsoft.Management.Infrastructure.CimInstance#MSFT_ScheduledTask')],     param(,     ,     [Parameter(ParameterSetName='Name', Mandatory=$true, Position=0)],     [Va",,,,,,False,C:\Users\user\Desktop\Pentest\Sherlocks\Easy\logjammer\Event-Logs\Powershell-Operational.evtx,0x0,0,"{""EventData"":{""Data"":[{""@Name"":""MessageNumber"",""#text"":""1""},{""@Name"":""MessageTotal"",""#text"":""20""},{""@Name"":""ScriptBlockText"",""#text"":"", #requires -version 3.0, try { Microsoft.PowerShell.Core\\Set-StrictMode -Off } catch { }, $script:MyModule = $MyInvocation.MyCommand.ScriptBlock.Module, $script:ClassName = 'Root/Microsoft/Windows/TaskScheduler/PS_ScheduledTask', $script:ClassVersion = '1.0', $script:ModuleVersion = '1.0', $script:ObjectModelWrapper = [Microsoft.PowerShell.Cmdletization.Cim.CimCmdletAdapter], $script:PrivateData = [System.Collections.Generic.Dictionary[string,string]]::new(), Microsoft.PowerShell.Core\\Export-ModuleMember -Function @(),         , function __cmdletization_BindCommonParameters, {,     param(,         $__cmdletization_objectModelWrapper,,         $myPSBoundParameters,     )       ,                 ,         if ($myPSBoundParameters.ContainsKey('CimSession')) { ,             $__cmdletization_objectModelWrapper.PSObject.Properties['CimSession'].Value = $myPSBoundParameters['CimSession'] ,         },                     ,         if ($myPSBoundParameters.ContainsKey('ThrottleLimit')) { ,             $__cmdletization_objectModelWrapper.PSObject.Properties['ThrottleLimit'].Value = $myPSBoundParameters['ThrottleLimit'] ,         },                     ,         if ($myPSBoundParameters.ContainsKey('AsJob')) { ,             $__cmdletization_objectModelWrapper.PSObject.Properties['AsJob'].Value = $myPSBoundParameters['AsJob'] ,         },                     , },                 , function Disable-ScheduledTask, {,     [CmdletBinding(PositionalBinding=$false)],     ,     [OutputType([Microsoft.Management.Infrastructure.CimInstance])][OutputType('Microsoft.Management.Infrastructure.CimInstance#MSFT_ScheduledTask')][OutputType([Microsoft.Management.Infrastructure.CimInstance])][OutputType('Microsoft.Management.Infrastructure.CimInstance#MSFT_ScheduledTask')],     param(,     ,     [Parameter(ParameterSetName='Name', Mandatory=$true, Position=0)],     [ValidateNotNull()],     [ValidateNotNullOrEmpty()],     [string],     ${TaskName},,     [Parameter(ParameterSetName='Name', Position=1)],     [ValidateNotNull()],     [ValidateNotNullOrEmpty()],     [string],     ${TaskPath},,     [Parameter(ParameterSetName='Object', Mandatory=$true, Position=0, ValueFromPipeline=$true)],     [PSTypeName('Microsoft.Management.Infrastructure.CimInstance#MSFT_ScheduledTask')],     [ValidateNotNull()],     [ValidateNotNullOrEmpty()],     [ciminstance],     ${InputObject},,     [Parameter(ParameterSetName='Name')],     [Parameter(ParameterSetName='Object')],     [Alias('Session')],     [ValidateNotNullOrEmpty()],     [CimSession[]],     ${CimSession},,     [Parameter(ParameterSetName='Name')],     [Parameter(ParameterSetName='Object')],     [int],     ${ThrottleLimit},,     [Parameter(ParameterSetName='Name')],     [Parameter(ParameterSetName='Object')],     [switch],     ${AsJob}),     DynamicParam {,         try ,         {,             if (-not $__cmdletization_exceptionHasBeenThrown),             {,                 $__cmdletization_objectModelWrapper = $script:ObjectModelWrapper::new(),                 $__cmdletization_objectModelWrapper.Initialize($PSCmdlet, $script:ClassName, $script:ClassVersion, $script:ModuleVersion, $script:PrivateData),                 if ($__cmdletization_objectModelWrapper -is [System.Management.Automation.IDynamicParameters]),                 {,                     ([System.Management.Automation.IDynamicParameters]$__cmdletization_objectModelWrapper).GetDynamicParameters(),                 },             },         },         catch,         {,             $__cmdletization_exceptionHasBeenThrown = $true,             throw,         },     },     Begin {,         $__cmdletization_exceptionHasBeenThrown = $false,         try ,         {,             __cmdletization_BindCommonParameters $__cmdletization_objectModelWrapper $PSBoundParameters,             $__cmdletization_objectModelWrapper.BeginProcessing(),         },         catch,         {,             $__cmdletization_exceptionHasBeenThrown = $true,             throw,         },     },         ,     Process {,         try ,         {,             if (-not $__cmdletization_exceptionHasBeenThrown),             {,       $__cmdletization_methodParameters = [System.Collections.Generic.List[Microsoft.PowerShell.Cmdletization.MethodParameter]]::new(),       switch -exact ($PSCmdlet.ParameterSetName) { ,         { @('Name') -contains $_ } {,         [object]$__cmdletization_defaultValue = $null,         [object]$__cmdletization_defaultValueIsPresent = $false,         if ($PSBoundParameters.ContainsKey('TaskName')) {,           [object]$__cmdletization_value = ${TaskName},           $__cmdletization_methodParameter = [Microsoft.PowerShell.Cmdletization.MethodParameter]@{Name = 'TaskName'; ParameterType = 'System.String'; Bindings = 'In'; Value = $__cmdletization_value; IsValuePresent = $true},         } else {,           $__cmdletization_methodParameter = [Microsoft.PowerShell.Cmdletization.MethodParameter]@{Name = 'TaskName'; ParameterType = 'System.String'; Bindings = 'In'; Value = $__cmdletization_defaultValue; IsValuePresent = $__cmdletization_defaultValueIsPresent},         },         $__cmdletization_methodParameters.Add($__cmdletization_methodParameter),         [object]$__cmdletization_defaultValue = $null,         [object]$__cmdletization_defaultValueIsPresent = $false,         if ($PSBoundParameters.ContainsKey('TaskPath')) {,           [object]$__cmdletization_value = ${TaskPath},           $__cmdletization_methodParameter = [Microsoft.PowerShell.Cmdletization.MethodParameter]@{Name = 'TaskPath'; ParameterType = 'System.String'; Bindings = 'In'; Value = $__cmdletization_value; IsValuePresent = $true},         } else {,           $__cmdletization_methodParameter = [Microsoft.PowerShell.Cmdletization.MethodParameter]@{Name = 'TaskPath'; ParameterType = 'System.String'; Bindings = 'In'; Value = $__cmdletization_defaultValue; IsValuePresent = $__cmdletization_defaultValueIsPresent},         },         $__cmdletization_methodParameters.Add($__cmdletization_methodParameter),         [object]$__cmdletization_defaultValue = $null,         [object]$__cmdletization_defaultValueIsPresent = $false,           $__cmdletization_methodParameter = [Microsoft.PowerShell.Cmdletization.MethodParameter]@{Name = 'CmdletOutput'; ParameterType = 'Microsoft.Management.Infrastructure.CimInstance'; Bindings = 'Out'; Value = $__cmdletization_defaultValue; IsValuePresent = $__cmdletization_defaultValueIsPresent},         $__cmdletization_methodParameter.ParameterTypeName = 'Microsoft.Management.Infrastructure.CimInstance#MSFT_ScheduledTask',         $__cmdletization_methodParameters.Add($__cmdletization_methodParameter),       $__cmdletization_returnValue = [Microsoft.PowerShell.Cmdletization.MethodParameter]@{ Name = 'ReturnValue'; ParameterType = 'System.Int32'; Bindings = 'Error'; Value = $null; IsValuePresent = $false },       $__cmdletization_methodInvocationInfo = [Microsoft.PowerShell.Cmdletization.MethodInvocationInfo]::new('DisableByName', $__cmdletization_methodParameters, $__cmdletization_returnValue),       $__cmdletization_objectModelWrapper.ProcessRecord($__cmdletization_methodInvocationInfo),         },         { @('Object') -contains $_ } {,         [object]$__cmdletization_defaultValue = $null,         [object]$__cmdletization_defaultValueIsPresent = $false,         if ($PSBoundParameters.ContainsKey('InputObject')) {,           [object]$__cmdletization_value = ${InputObject},           $__cmdletization_methodParameter = [Microsoft.PowerShell.Cmdletization.MethodParameter]@{Name = 'InputObject'; ParameterType = 'Microsoft.Management.Infrastructure.CimInstance'; Bindings = 'In'; Value = $__cmdletization_value; IsValuePresent = $true},         } else {,           $__cmdletization_methodParameter = [Microsoft.PowerShell.Cmdletization.MethodParameter]@{Name = 'InputObject'; ParameterType = 'Microsoft.Management.Infrastructure.CimInstance'; Bindings = 'In'; Value = $__cmdletization_defaultValue; IsValuePresent = $__cmdletization_defaultValueIsPresent},         },         $__cmdletization_methodParameter.ParameterTypeName = 'Microsoft.Management.Infrastructure.CimInstance#MSFT_ScheduledTask',         $__cmdletization_methodParameters.Add($__cmdletization_methodParameter),         [object]$__cmdletization_defaultValue = $null,         [object]$__cmdletization_defaultValueIsPresent = $false,           $__cmdletization_methodParameter = [Microsoft.PowerShell.Cmdletization.MethodParameter]@{Name = 'CmdletOutput'; ParameterType = 'Microsoft.Management.Infrastructure.CimInstance'; Bindings = 'Out'; Value = $__cmdletization_defaultValue; IsValuePresent = $__cmdletization_defaultValueIsPresent},         $__cmdletization_methodParameter.ParameterTypeName = 'Microsoft.Management.Infrastructure.CimInstance#MSFT_ScheduledTask',         $__cmdletization_methodParameters.Add($__cmdletization_methodParameter),       $__cmdletization_returnValue = [Microsoft.PowerShell.Cmdletization.MethodParameter]@{ Name = 'ReturnValue'; ParameterType = 'System.Int32'; Bindings = 'Error'; Value = $null; IsValuePresent = $false },       $__cmdletization_methodInvocationInfo = [Microsoft.PowerShell.Cmdletization.MethodInvocationInfo]::new('DisableByObject', $__cmdletization_methodParameters, $__cmdletization_returnValue),       $__cmdletization_objectModelWrapper.ProcessRecord($__cmdletization_methodInvocationInfo),         },     },             },         },         catch,         {,             $__cmdletization_exceptionHasBeenThrown = $true,             throw,         },     },         ,     End {,         try,         {,             if (-not $__cmdletization_exceptionHasBeenThrown),             {,                 $__cmdletization_objectModelWrapper.EndProcessing(),             },         },         catch,         {,             throw,         },     },     # .EXTERNALHELP PS_ScheduledTask_v1.0.cdxml-Help.xml, }, Microsoft.PowerShell.Core\\Export-ModuleMember -Function 'Disable-ScheduledTask' -Alias '*',         , function Enable-ScheduledTask, {,     [CmdletBinding(PositionalBinding=$false)],     ,     [OutputType([Microsoft.Management.Infrastructure.CimInstance])][OutputType('Microsoft.Management.Infrastructure.CimInstance#MSFT_ScheduledTask')][OutputType([Microsoft.Management.Infrastructure.CimInstance])][OutputType('Microsoft.Management.Infrastructure.CimInstance#MSFT_ScheduledTask')],     param(,     ,     [Parameter(ParameterSetName='Name', Mandatory=$true, Position=0)],     [Va""},{""@Name"":""ScriptBlockId"",""#text"":""6247f729-23d3-4d95-b1d5-87018eefb143""},{""@Name"":""Path""}]}}"
