137,137,2023-03-24 19:10:34.6996143,4104,Warning,Microsoft-Windows-PowerShell,Microsoft-Windows-PowerShell/Operational,10048,10948,DESKTOP-887GK2L,36,S-1-5-21-3393683511-3463148672-371912004-1001,Contains contents of scripts run,,,"Path: ","ScriptBlockText: , #requires -version 3.0, try { Microsoft.PowerShell.Core\Set-StrictMode -Off } catch { }, $script:MyModule = $MyInvocation.MyCommand.ScriptBlock.Module, $script:ClassName = 'ROOT\Microsoft\Windows\Defender\MSFT_MpSignature', $script:ClassVersion = '1.0', $script:ModuleVersion = '1.0', $script:ObjectModelWrapper = [Microsoft.PowerShell.Cmdletization.Cim.CimCmdletAdapter], $script:PrivateData = [System.Collections.Generic.Dictionary[string,string]]::new(), Microsoft.PowerShell.Core\Export-ModuleMember -Function @(),         , function __cmdletization_BindCommonParameters, {,     param(,         $__cmdletization_objectModelWrapper,,         $myPSBoundParameters,     )       ,                 ,         if ($myPSBoundParameters.ContainsKey('CimSession')) { ,             $__cmdletization_objectModelWrapper.PSObject.Properties['CimSession'].Value = $myPSBoundParameters['CimSession'] ,         },                     ,         if ($myPSBoundParameters.ContainsKey('ThrottleLimit')) { ,             $__cmdletization_objectModelWrapper.PSObject.Properties['ThrottleLimit'].Value = $myPSBoundParameters['ThrottleLimit'] ,         },                     ,         if ($myPSBoundParameters.ContainsKey('AsJob')) { ,             $__cmdletization_objectModelWrapper.PSObject.Properties['AsJob'].Value = $myPSBoundParameters['AsJob'] ,         },                     , },                 , function Update-MpSignature, {,     [CmdletBinding(PositionalBinding=$false)],     ,     ,     param(,     ,     [Parameter(ParameterSetName='Update0')],     [AllowEmptyString()],     [AllowNull()],     [ValidateNotNull()],     [ValidateNotNullOrEmpty()],     [ValidateSet('InternalDefinitionUpdateServer','MicrosoftUpdateServer','MMPC','FileShares')],     [Microsoft.PowerShell.Cmdletization.GeneratedTypes.MpSignature.UpdateSource],     ${UpdateSource},,     [Parameter(ParameterSetName='Update0')],     [Alias('Session')],     [ValidateNotNullOrEmpty()],     [CimSession[]],     ${CimSession},,     [Parameter(ParameterSetName='Update0')],     [int],     ${ThrottleLimit},,     [Parameter(ParameterSetName='Update0')],     [switch],     ${AsJob}),     DynamicParam {,         try ,         {,             if (-not $__cmdletization_exceptionHasBeenThrown),             {,                 $__cmdletization_objectModelWrapper = $script:ObjectModelWrapper::new(),                 $__cmdletization_objectModelWrapper.Initialize($PSCmdlet, $script:ClassName, $script:ClassVersion, $script:ModuleVersion, $script:PrivateData),                 if ($__cmdletization_objectModelWrapper -is [System.Management.Automation.IDynamicParameters]),                 {,                     ([System.Management.Automation.IDynamicParameters]$__cmdletization_objectModelWrapper).GetDynamicParameters(),                 },             },         },         catch,         {,             $__cmdletization_exceptionHasBeenThrown = $true,             throw,         },     },     Begin {,         $__cmdletization_exceptionHasBeenThrown = $false,         try ,         {,             __cmdletization_BindCommonParameters $__cmdletization_objectModelWrapper $PSBoundParameters,             $__cmdletization_objectModelWrapper.BeginProcessing(),         },         catch,         {,             $__cmdletization_exceptionHasBeenThrown = $true,             throw,         },     },         ,     Process {,         try ,         {,             if (-not $__cmdletization_exceptionHasBeenThrown),             {,       $__cmdletization_methodParameters = [System.Collections.Generic.List[Microsoft.PowerShell.Cmdletization.MethodParameter]]::new(),         [object]$__cmdletization_defaultValue = $null,         [object]$__cmdletization_defaultValueIsPresent = $false,         if ($PSBoundParameters.ContainsKey('UpdateSource')) {,           [object]$__cmdletization_value = ${UpdateSource},           $__cmdletization_methodParameter = [Microsoft.PowerShell.Cmdletization.MethodParameter]@{Name = 'UpdateSource'; ParameterType = 'Microsoft.PowerShell.Cmdletization.GeneratedTypes.MpSignature.UpdateSource'; Bindings = 'In'; Value = $__cmdletization_value; IsValuePresent = $true},         } else {,           $__cmdletization_methodParameter = [Microsoft.PowerShell.Cmdletization.MethodParameter]@{Name = 'UpdateSource'; ParameterType = 'Microsoft.PowerShell.Cmdletization.GeneratedTypes.MpSignature.UpdateSource'; Bindings = 'In'; Value = $__cmdletization_defaultValue; IsValuePresent = $__cmdletization_defaultValueIsPresent},         },         $__cmdletization_methodParameters.Add($__cmdletization_methodParameter),       $__cmdletization_returnValue = [Microsoft.PowerShell.Cmdletization.MethodParameter]@{ Name = 'ReturnValue'; ParameterType = 'System.Int32'; Bindings = 'Error'; Value = $null; IsValuePresent = $false },       $__cmdletization_methodInvocationInfo = [Microsoft.PowerShell.Cmdletization.MethodInvocationInfo]::new('Update', $__cmdletization_methodParameters, $__cmdletization_returnValue),       $__cmdletization_objectModelWrapper.ProcessRecord($__cmdletization_methodInvocationInfo),             },         },         catch,         {,             $__cmdletization_exceptionHasBeenThrown = $true,             throw,         },     },         ,     End {,         try,         {,             if (-not $__cmdletization_exceptionHasBeenThrown),             {,                 $__cmdletization_objectModelWrapper.EndProcessing(),             },         },         catch,         {,             throw,         },     },     # .EXTERNALHELP MSFT_MpSignature.cdxml-Help.xml, }, Microsoft.PowerShell.Core\Export-ModuleMember -Function 'Update-MpSignature' -Alias '*',         , ",,,,,,False,C:\Users\user\Desktop\Pentest\Sherlocks\Easy\logjammer\Event-Logs\Powershell-Operational.evtx,0x0,0,"{""EventData"":{""Data"":[{""@Name"":""MessageNumber"",""#text"":""1""},{""@Name"":""MessageTotal"",""#text"":""1""},{""@Name"":""ScriptBlockText"",""#text"":"", #requires -version 3.0, try { Microsoft.PowerShell.Core\\Set-StrictMode -Off } catch { }, $script:MyModule = $MyInvocation.MyCommand.ScriptBlock.Module, $script:ClassName = 'ROOT\\Microsoft\\Windows\\Defender\\MSFT_MpSignature', $script:ClassVersion = '1.0', $script:ModuleVersion = '1.0', $script:ObjectModelWrapper = [Microsoft.PowerShell.Cmdletization.Cim.CimCmdletAdapter], $script:PrivateData = [System.Collections.Generic.Dictionary[string,string]]::new(), Microsoft.PowerShell.Core\\Export-ModuleMember -Function @(),         , function __cmdletization_BindCommonParameters, {,     param(,         $__cmdletization_objectModelWrapper,,         $myPSBoundParameters,     )       ,                 ,         if ($myPSBoundParameters.ContainsKey('CimSession')) { ,             $__cmdletization_objectModelWrapper.PSObject.Properties['CimSession'].Value = $myPSBoundParameters['CimSession'] ,         },                     ,         if ($myPSBoundParameters.ContainsKey('ThrottleLimit')) { ,             $__cmdletization_objectModelWrapper.PSObject.Properties['ThrottleLimit'].Value = $myPSBoundParameters['ThrottleLimit'] ,         },                     ,         if ($myPSBoundParameters.ContainsKey('AsJob')) { ,             $__cmdletization_objectModelWrapper.PSObject.Properties['AsJob'].Value = $myPSBoundParameters['AsJob'] ,         },                     , },                 , function Update-MpSignature, {,     [CmdletBinding(PositionalBinding=$false)],     ,     ,     param(,     ,     [Parameter(ParameterSetName='Update0')],     [AllowEmptyString()],     [AllowNull()],     [ValidateNotNull()],     [ValidateNotNullOrEmpty()],     [ValidateSet('InternalDefinitionUpdateServer','MicrosoftUpdateServer','MMPC','FileShares')],     [Microsoft.PowerShell.Cmdletization.GeneratedTypes.MpSignature.UpdateSource],     ${UpdateSource},,     [Parameter(ParameterSetName='Update0')],     [Alias('Session')],     [ValidateNotNullOrEmpty()],     [CimSession[]],     ${CimSession},,     [Parameter(ParameterSetName='Update0')],     [int],     ${ThrottleLimit},,     [Parameter(ParameterSetName='Update0')],     [switch],     ${AsJob}),     DynamicParam {,         try ,         {,             if (-not $__cmdletization_exceptionHasBeenThrown),             {,                 $__cmdletization_objectModelWrapper = $script:ObjectModelWrapper::new(),                 $__cmdletization_objectModelWrapper.Initialize($PSCmdlet, $script:ClassName, $script:ClassVersion, $script:ModuleVersion, $script:PrivateData),                 if ($__cmdletization_objectModelWrapper -is [System.Management.Automation.IDynamicParameters]),                 {,                     ([System.Management.Automation.IDynamicParameters]$__cmdletization_objectModelWrapper).GetDynamicParameters(),                 },             },         },         catch,         {,             $__cmdletization_exceptionHasBeenThrown = $true,             throw,         },     },     Begin {,         $__cmdletization_exceptionHasBeenThrown = $false,         try ,         {,             __cmdletization_BindCommonParameters $__cmdletization_objectModelWrapper $PSBoundParameters,             $__cmdletization_objectModelWrapper.BeginProcessing(),         },         catch,         {,             $__cmdletization_exceptionHasBeenThrown = $true,             throw,         },     },         ,     Process {,         try ,         {,             if (-not $__cmdletization_exceptionHasBeenThrown),             {,       $__cmdletization_methodParameters = [System.Collections.Generic.List[Microsoft.PowerShell.Cmdletization.MethodParameter]]::new(),         [object]$__cmdletization_defaultValue = $null,         [object]$__cmdletization_defaultValueIsPresent = $false,         if ($PSBoundParameters.ContainsKey('UpdateSource')) {,           [object]$__cmdletization_value = ${UpdateSource},           $__cmdletization_methodParameter = [Microsoft.PowerShell.Cmdletization.MethodParameter]@{Name = 'UpdateSource'; ParameterType = 'Microsoft.PowerShell.Cmdletization.GeneratedTypes.MpSignature.UpdateSource'; Bindings = 'In'; Value = $__cmdletization_value; IsValuePresent = $true},         } else {,           $__cmdletization_methodParameter = [Microsoft.PowerShell.Cmdletization.MethodParameter]@{Name = 'UpdateSource'; ParameterType = 'Microsoft.PowerShell.Cmdletization.GeneratedTypes.MpSignature.UpdateSource'; Bindings = 'In'; Value = $__cmdletization_defaultValue; IsValuePresent = $__cmdletization_defaultValueIsPresent},         },         $__cmdletization_methodParameters.Add($__cmdletization_methodParameter),       $__cmdletization_returnValue = [Microsoft.PowerShell.Cmdletization.MethodParameter]@{ Name = 'ReturnValue'; ParameterType = 'System.Int32'; Bindings = 'Error'; Value = $null; IsValuePresent = $false },       $__cmdletization_methodInvocationInfo = [Microsoft.PowerShell.Cmdletization.MethodInvocationInfo]::new('Update', $__cmdletization_methodParameters, $__cmdletization_returnValue),       $__cmdletization_objectModelWrapper.ProcessRecord($__cmdletization_methodInvocationInfo),             },         },         catch,         {,             $__cmdletization_exceptionHasBeenThrown = $true,             throw,         },     },         ,     End {,         try,         {,             if (-not $__cmdletization_exceptionHasBeenThrown),             {,                 $__cmdletization_objectModelWrapper.EndProcessing(),             },         },         catch,         {,             throw,         },     },     # .EXTERNALHELP MSFT_MpSignature.cdxml-Help.xml, }, Microsoft.PowerShell.Core\\Export-ModuleMember -Function 'Update-MpSignature' -Alias '*',         , ""},{""@Name"":""ScriptBlockId"",""#text"":""418cb92f-66da-4efc-b42a-068a03ffea62""},{""@Name"":""Path""}]}}"
138,138,2023-03-24 19:10:34.7068031,4104,Warning,Microsoft-Windows-PowerShell,Microsoft-Windows-PowerShell/Operational,10048,10948,DESKTOP-887GK2L,37,S-1-5-21-3393683511-3463148672-371912004-1001,Contains contents of scripts run,,,"Path: ","ScriptBlockText: , #requires -version 3.0, try { Microsoft.PowerShell.Core\Set-StrictMode -Off } catch { }, $script:MyModule = $MyInvocation.MyCommand.ScriptBlock.Module, $script:ClassName = 'ROOT\Microsoft\Windows\Defender\MSFT_MpWDOScan', $script:ClassVersion = '1.0', $script:ModuleVersion = '1.0', $script:ObjectModelWrapper = [Microsoft.PowerShell.Cmdletization.Cim.CimCmdletAdapter], $script:PrivateData = [System.Collections.Generic.Dictionary[string,string]]::new(), Microsoft.PowerShell.Core\Export-ModuleMember -Function @(),         , function __cmdletization_BindCommonParameters, {,     param(,         $__cmdletization_objectModelWrapper,,         $myPSBoundParameters,     )       ,                 ,         if ($myPSBoundParameters.ContainsKey('CimSession')) { ,             $__cmdletization_objectModelWrapper.PSObject.Properties['CimSession'].Value = $myPSBoundParameters['CimSession'] ,         },                     ,         if ($myPSBoundParameters.ContainsKey('ThrottleLimit')) { ,             $__cmdletization_objectModelWrapper.PSObject.Properties['ThrottleLimit'].Value = $myPSBoundParameters['ThrottleLimit'] ,         },                     ,         if ($myPSBoundParameters.ContainsKey('AsJob')) { ,             $__cmdletization_objectModelWrapper.PSObject.Properties['AsJob'].Value = $myPSBoundParameters['AsJob'] ,         },                     , },                 , function Start-MpWDOScan, {,     [CmdletBinding(PositionalBinding=$false)],     ,     ,     param(,     ,     [Parameter(ParameterSetName='Start0')],     [Alias('Session')],     [ValidateNotNullOrEmpty()],     [CimSession[]],     ${CimSession},,     [Parameter(ParameterSetName='Start0')],     [int],     ${ThrottleLimit},,     [Parameter(ParameterSetName='Start0')],     [switch],     ${AsJob}),     DynamicParam {,         try ,         {,             if (-not $__cmdletization_exceptionHasBeenThrown),             {,                 $__cmdletization_objectModelWrapper = $script:ObjectModelWrapper::new(),                 $__cmdletization_objectModelWrapper.Initialize($PSCmdlet, $script:ClassName, $script:ClassVersion, $script:ModuleVersion, $script:PrivateData),                 if ($__cmdletization_objectModelWrapper -is [System.Management.Automation.IDynamicParameters]),                 {,                     ([System.Management.Automation.IDynamicParameters]$__cmdletization_objectModelWrapper).GetDynamicParameters(),                 },             },         },         catch,         {,             $__cmdletization_exceptionHasBeenThrown = $true,             throw,         },     },     Begin {,         $__cmdletization_exceptionHasBeenThrown = $false,         try ,         {,             __cmdletization_BindCommonParameters $__cmdletization_objectModelWrapper $PSBoundParameters,             $__cmdletization_objectModelWrapper.BeginProcessing(),         },         catch,         {,             $__cmdletization_exceptionHasBeenThrown = $true,             throw,         },     },         ,     Process {,         try ,         {,             if (-not $__cmdletization_exceptionHasBeenThrown),             {,       $__cmdletization_methodParameters = [System.Collections.Generic.List[Microsoft.PowerShell.Cmdletization.MethodParameter]]::new(),       $__cmdletization_returnValue = [Microsoft.PowerShell.Cmdletization.MethodParameter]@{ Name = 'ReturnValue'; ParameterType = 'System.Int32'; Bindings = 'Error'; Value = $null; IsValuePresent = $false },       $__cmdletization_methodInvocationInfo = [Microsoft.PowerShell.Cmdletization.MethodInvocationInfo]::new('Start', $__cmdletization_methodParameters, $__cmdletization_returnValue),       $__cmdletization_objectModelWrapper.ProcessRecord($__cmdletization_methodInvocationInfo),             },         },         catch,         {,             $__cmdletization_exceptionHasBeenThrown = $true,             throw,         },     },         ,     End {,         try,         {,             if (-not $__cmdletization_exceptionHasBeenThrown),             {,                 $__cmdletization_objectModelWrapper.EndProcessing(),             },         },         catch,         {,             throw,         },     },     # .EXTERNALHELP MSFT_MpWDOScan.cdxml-Help.xml, }, Microsoft.PowerShell.Core\Export-ModuleMember -Function 'Start-MpWDOScan' -Alias '*',         , ",,,,,,False,C:\Users\user\Desktop\Pentest\Sherlocks\Easy\logjammer\Event-Logs\Powershell-Operational.evtx,0x0,0,"{""EventData"":{""Data"":[{""@Name"":""MessageNumber"",""#text"":""1""},{""@Name"":""MessageTotal"",""#text"":""1""},{""@Name"":""ScriptBlockText"",""#text"":"", #requires -version 3.0, try { Microsoft.PowerShell.Core\\Set-StrictMode -Off } catch { }, $script:MyModule = $MyInvocation.MyCommand.ScriptBlock.Module, $script:ClassName = 'ROOT\\Microsoft\\Windows\\Defender\\MSFT_MpWDOScan', $script:ClassVersion = '1.0', $script:ModuleVersion = '1.0', $script:ObjectModelWrapper = [Microsoft.PowerShell.Cmdletization.Cim.CimCmdletAdapter], $script:PrivateData = [System.Collections.Generic.Dictionary[string,string]]::new(), Microsoft.PowerShell.Core\\Export-ModuleMember -Function @(),         , function __cmdletization_BindCommonParameters, {,     param(,         $__cmdletization_objectModelWrapper,,         $myPSBoundParameters,     )       ,                 ,         if ($myPSBoundParameters.ContainsKey('CimSession')) { ,             $__cmdletization_objectModelWrapper.PSObject.Properties['CimSession'].Value = $myPSBoundParameters['CimSession'] ,         },                     ,         if ($myPSBoundParameters.ContainsKey('ThrottleLimit')) { ,             $__cmdletization_objectModelWrapper.PSObject.Properties['ThrottleLimit'].Value = $myPSBoundParameters['ThrottleLimit'] ,         },                     ,         if ($myPSBoundParameters.ContainsKey('AsJob')) { ,             $__cmdletization_objectModelWrapper.PSObject.Properties['AsJob'].Value = $myPSBoundParameters['AsJob'] ,         },                     , },                 , function Start-MpWDOScan, {,     [CmdletBinding(PositionalBinding=$false)],     ,     ,     param(,     ,     [Parameter(ParameterSetName='Start0')],     [Alias('Session')],     [ValidateNotNullOrEmpty()],     [CimSession[]],     ${CimSession},,     [Parameter(ParameterSetName='Start0')],     [int],     ${ThrottleLimit},,     [Parameter(ParameterSetName='Start0')],     [switch],     ${AsJob}),     DynamicParam {,         try ,         {,             if (-not $__cmdletization_exceptionHasBeenThrown),             {,                 $__cmdletization_objectModelWrapper = $script:ObjectModelWrapper::new(),                 $__cmdletization_objectModelWrapper.Initialize($PSCmdlet, $script:ClassName, $script:ClassVersion, $script:ModuleVersion, $script:PrivateData),                 if ($__cmdletization_objectModelWrapper -is [System.Management.Automation.IDynamicParameters]),                 {,                     ([System.Management.Automation.IDynamicParameters]$__cmdletization_objectModelWrapper).GetDynamicParameters(),                 },             },         },         catch,         {,             $__cmdletization_exceptionHasBeenThrown = $true,             throw,         },     },     Begin {,         $__cmdletization_exceptionHasBeenThrown = $false,         try ,         {,             __cmdletization_BindCommonParameters $__cmdletization_objectModelWrapper $PSBoundParameters,             $__cmdletization_objectModelWrapper.BeginProcessing(),         },         catch,         {,             $__cmdletization_exceptionHasBeenThrown = $true,             throw,         },     },         ,     Process {,         try ,         {,             if (-not $__cmdletization_exceptionHasBeenThrown),             {,       $__cmdletization_methodParameters = [System.Collections.Generic.List[Microsoft.PowerShell.Cmdletization.MethodParameter]]::new(),       $__cmdletization_returnValue = [Microsoft.PowerShell.Cmdletization.MethodParameter]@{ Name = 'ReturnValue'; ParameterType = 'System.Int32'; Bindings = 'Error'; Value = $null; IsValuePresent = $false },       $__cmdletization_methodInvocationInfo = [Microsoft.PowerShell.Cmdletization.MethodInvocationInfo]::new('Start', $__cmdletization_methodParameters, $__cmdletization_returnValue),       $__cmdletization_objectModelWrapper.ProcessRecord($__cmdletization_methodInvocationInfo),             },         },         catch,         {,             $__cmdletization_exceptionHasBeenThrown = $true,             throw,         },     },         ,     End {,         try,         {,             if (-not $__cmdletization_exceptionHasBeenThrown),             {,                 $__cmdletization_objectModelWrapper.EndProcessing(),             },         },         catch,         {,             throw,         },     },     # .EXTERNALHELP MSFT_MpWDOScan.cdxml-Help.xml, }, Microsoft.PowerShell.Core\\Export-ModuleMember -Function 'Start-MpWDOScan' -Alias '*',         , ""},{""@Name"":""ScriptBlockId"",""#text"":""19c50a94-8a6b-4bdb-8065-fadecdcda895""},{""@Name"":""Path""}]}}"
139,139,2023-03-24 19:10:34.7137197,4104,Warning,Microsoft-Windows-PowerShell,Microsoft-Windows-PowerShell/Operational,10048,10948,DESKTOP-887GK2L,37,S-1-5-21-3393683511-3463148672-371912004-1001,Contains contents of scripts run,,,"Path: ","ScriptBlockText: , #requires -version 3.0, try { Microsoft.PowerShell.Core\Set-StrictMode -Off } catch { }, $script:MyModule = $MyInvocation.MyCommand.ScriptBlock.Module, $script:ClassName = 'ROOT\Microsoft\Windows\Defender\MSFT_MpRollback', $script:ClassVersion = '1.0', $script:ModuleVersion = '1.0', $script:ObjectModelWrapper = [Microsoft.PowerShell.Cmdletization.Cim.CimCmdletAdapter], $script:PrivateData = [System.Collections.Generic.Dictionary[string,string]]::new(), Microsoft.PowerShell.Core\Export-ModuleMember -Function @(),         , function __cmdletization_BindCommonParameters, {,     param(,         $__cmdletization_objectModelWrapper,,         $myPSBoundParameters,     )       ,                 ,         if ($myPSBoundParameters.ContainsKey('CimSession')) { ,             $__cmdletization_objectModelWrapper.PSObject.Properties['CimSession'].Value = $myPSBoundParameters['CimSession'] ,         },                     ,         if ($myPSBoundParameters.ContainsKey('ThrottleLimit')) { ,             $__cmdletization_objectModelWrapper.PSObject.Properties['ThrottleLimit'].Value = $myPSBoundParameters['ThrottleLimit'] ,         },                     ,         if ($myPSBoundParameters.ContainsKey('AsJob')) { ,             $__cmdletization_objectModelWrapper.PSObject.Properties['AsJob'].Value = $myPSBoundParameters['AsJob'] ,         },                     , },                 , function Start-MpRollback, {,     [CmdletBinding(PositionalBinding=$false)],     ,     ,     param(,     ,     [Parameter(ParameterSetName='Start0')],     [ValidateNotNull()],     [ValidateNotNullOrEmpty()],     [switch],     ${Engine},,     [Parameter(ParameterSetName='Start0')],     [ValidateNotNull()],     [ValidateNotNullOrEmpty()],     [switch],     ${Platform},,     [Parameter(ParameterSetName='Start0')],     [Alias('Session')],     [ValidateNotNullOrEmpty()],     [CimSession[]],     ${CimSession},,     [Parameter(ParameterSetName='Start0')],     [int],     ${ThrottleLimit},,     [Parameter(ParameterSetName='Start0')],     [switch],     ${AsJob}),     DynamicParam {,         try ,         {,             if (-not $__cmdletization_exceptionHasBeenThrown),             {,                 $__cmdletization_objectModelWrapper = $script:ObjectModelWrapper::new(),                 $__cmdletization_objectModelWrapper.Initialize($PSCmdlet, $script:ClassName, $script:ClassVersion, $script:ModuleVersion, $script:PrivateData),                 if ($__cmdletization_objectModelWrapper -is [System.Management.Automation.IDynamicParameters]),                 {,                     ([System.Management.Automation.IDynamicParameters]$__cmdletization_objectModelWrapper).GetDynamicParameters(),                 },             },         },         catch,         {,             $__cmdletization_exceptionHasBeenThrown = $true,             throw,         },     },     Begin {,         $__cmdletization_exceptionHasBeenThrown = $false,         try ,         {,             __cmdletization_BindCommonParameters $__cmdletization_objectModelWrapper $PSBoundParameters,             $__cmdletization_objectModelWrapper.BeginProcessing(),         },         catch,         {,             $__cmdletization_exceptionHasBeenThrown = $true,             throw,         },     },         ,     Process {,         try ,         {,             if (-not $__cmdletization_exceptionHasBeenThrown),             {,       $__cmdletization_methodParameters = [System.Collections.Generic.List[Microsoft.PowerShell.Cmdletization.MethodParameter]]::new(),         [object]$__cmdletization_defaultValue = $null,         [object]$__cmdletization_defaultValueIsPresent = $false,         if ($PSBoundParameters.ContainsKey('Engine')) {,           [object]$__cmdletization_value = ${Engine},           $__cmdletization_methodParameter = [Microsoft.PowerShell.Cmdletization.MethodParameter]@{Name = 'Engine'; ParameterType = 'System.Management.Automation.SwitchParameter'; Bindings = 'In'; Value = $__cmdletization_value; IsValuePresent = $true},         } else {,           $__cmdletization_methodParameter = [Microsoft.PowerShell.Cmdletization.MethodParameter]@{Name = 'Engine'; ParameterType = 'System.Management.Automation.SwitchParameter'; Bindings = 'In'; Value = $__cmdletization_defaultValue; IsValuePresent = $__cmdletization_defaultValueIsPresent},         },         $__cmdletization_methodParameters.Add($__cmdletization_methodParameter),         [object]$__cmdletization_defaultValue = $null,         [object]$__cmdletization_defaultValueIsPresent = $false,         if ($PSBoundParameters.ContainsKey('Platform')) {,           [object]$__cmdletization_value = ${Platform},           $__cmdletization_methodParameter = [Microsoft.PowerShell.Cmdletization.MethodParameter]@{Name = 'Platform'; ParameterType = 'System.Management.Automation.SwitchParameter'; Bindings = 'In'; Value = $__cmdletization_value; IsValuePresent = $true},         } else {,           $__cmdletization_methodParameter = [Microsoft.PowerShell.Cmdletization.MethodParameter]@{Name = 'Platform'; ParameterType = 'System.Management.Automation.SwitchParameter'; Bindings = 'In'; Value = $__cmdletization_defaultValue; IsValuePresent = $__cmdletization_defaultValueIsPresent},         },         $__cmdletization_methodParameters.Add($__cmdletization_methodParameter),       $__cmdletization_returnValue = [Microsoft.PowerShell.Cmdletization.MethodParameter]@{ Name = 'ReturnValue'; ParameterType = 'System.Int32'; Bindings = 'Error'; Value = $null; IsValuePresent = $false },       $__cmdletization_methodInvocationInfo = [Microsoft.PowerShell.Cmdletization.MethodInvocationInfo]::new('Start', $__cmdletization_methodParameters, $__cmdletization_returnValue),       $__cmdletization_objectModelWrapper.ProcessRecord($__cmdletization_methodInvocationInfo),             },         },         catch,         {,             $__cmdletization_exceptionHasBeenThrown = $true,             throw,         },     },         ,     End {,         try,         {,             if (-not $__cmdletization_exceptionHasBeenThrown),             {,                 $__cmdletization_objectModelWrapper.EndProcessing(),             },         },         catch,         {,             throw,         },     },     # .EXTERNALHELP MSFT_MpRollback.cdxml-Help.xml, }, Microsoft.PowerShell.Core\Export-ModuleMember -Function 'Start-MpRollback' -Alias '*',         , ",,,,,,False,C:\Users\user\Desktop\Pentest\Sherlocks\Easy\logjammer\Event-Logs\Powershell-Operational.evtx,0x0,0,"{""EventData"":{""Data"":[{""@Name"":""MessageNumber"",""#text"":""1""},{""@Name"":""MessageTotal"",""#text"":""1""},{""@Name"":""ScriptBlockText"",""#text"":"", #requires -version 3.0, try { Microsoft.PowerShell.Core\\Set-StrictMode -Off } catch { }, $script:MyModule = $MyInvocation.MyCommand.ScriptBlock.Module, $script:ClassName = 'ROOT\\Microsoft\\Windows\\Defender\\MSFT_MpRollback', $script:ClassVersion = '1.0', $script:ModuleVersion = '1.0', $script:ObjectModelWrapper = [Microsoft.PowerShell.Cmdletization.Cim.CimCmdletAdapter], $script:PrivateData = [System.Collections.Generic.Dictionary[string,string]]::new(), Microsoft.PowerShell.Core\\Export-ModuleMember -Function @(),         , function __cmdletization_BindCommonParameters, {,     param(,         $__cmdletization_objectModelWrapper,,         $myPSBoundParameters,     )       ,                 ,         if ($myPSBoundParameters.ContainsKey('CimSession')) { ,             $__cmdletization_objectModelWrapper.PSObject.Properties['CimSession'].Value = $myPSBoundParameters['CimSession'] ,         },                     ,         if ($myPSBoundParameters.ContainsKey('ThrottleLimit')) { ,             $__cmdletization_objectModelWrapper.PSObject.Properties['ThrottleLimit'].Value = $myPSBoundParameters['ThrottleLimit'] ,         },                     ,         if ($myPSBoundParameters.ContainsKey('AsJob')) { ,             $__cmdletization_objectModelWrapper.PSObject.Properties['AsJob'].Value = $myPSBoundParameters['AsJob'] ,         },                     , },                 , function Start-MpRollback, {,     [CmdletBinding(PositionalBinding=$false)],     ,     ,     param(,     ,     [Parameter(ParameterSetName='Start0')],     [ValidateNotNull()],     [ValidateNotNullOrEmpty()],     [switch],     ${Engine},,     [Parameter(ParameterSetName='Start0')],     [ValidateNotNull()],     [ValidateNotNullOrEmpty()],     [switch],     ${Platform},,     [Parameter(ParameterSetName='Start0')],     [Alias('Session')],     [ValidateNotNullOrEmpty()],     [CimSession[]],     ${CimSession},,     [Parameter(ParameterSetName='Start0')],     [int],     ${ThrottleLimit},,     [Parameter(ParameterSetName='Start0')],     [switch],     ${AsJob}),     DynamicParam {,         try ,         {,             if (-not $__cmdletization_exceptionHasBeenThrown),             {,                 $__cmdletization_objectModelWrapper = $script:ObjectModelWrapper::new(),                 $__cmdletization_objectModelWrapper.Initialize($PSCmdlet, $script:ClassName, $script:ClassVersion, $script:ModuleVersion, $script:PrivateData),                 if ($__cmdletization_objectModelWrapper -is [System.Management.Automation.IDynamicParameters]),                 {,                     ([System.Management.Automation.IDynamicParameters]$__cmdletization_objectModelWrapper).GetDynamicParameters(),                 },             },         },         catch,         {,             $__cmdletization_exceptionHasBeenThrown = $true,             throw,         },     },     Begin {,         $__cmdletization_exceptionHasBeenThrown = $false,         try ,         {,             __cmdletization_BindCommonParameters $__cmdletization_objectModelWrapper $PSBoundParameters,             $__cmdletization_objectModelWrapper.BeginProcessing(),         },         catch,         {,             $__cmdletization_exceptionHasBeenThrown = $true,             throw,         },     },         ,     Process {,         try ,         {,             if (-not $__cmdletization_exceptionHasBeenThrown),             {,       $__cmdletization_methodParameters = [System.Collections.Generic.List[Microsoft.PowerShell.Cmdletization.MethodParameter]]::new(),         [object]$__cmdletization_defaultValue = $null,         [object]$__cmdletization_defaultValueIsPresent = $false,         if ($PSBoundParameters.ContainsKey('Engine')) {,           [object]$__cmdletization_value = ${Engine},           $__cmdletization_methodParameter = [Microsoft.PowerShell.Cmdletization.MethodParameter]@{Name = 'Engine'; ParameterType = 'System.Management.Automation.SwitchParameter'; Bindings = 'In'; Value = $__cmdletization_value; IsValuePresent = $true},         } else {,           $__cmdletization_methodParameter = [Microsoft.PowerShell.Cmdletization.MethodParameter]@{Name = 'Engine'; ParameterType = 'System.Management.Automation.SwitchParameter'; Bindings = 'In'; Value = $__cmdletization_defaultValue; IsValuePresent = $__cmdletization_defaultValueIsPresent},         },         $__cmdletization_methodParameters.Add($__cmdletization_methodParameter),         [object]$__cmdletization_defaultValue = $null,         [object]$__cmdletization_defaultValueIsPresent = $false,         if ($PSBoundParameters.ContainsKey('Platform')) {,           [object]$__cmdletization_value = ${Platform},           $__cmdletization_methodParameter = [Microsoft.PowerShell.Cmdletization.MethodParameter]@{Name = 'Platform'; ParameterType = 'System.Management.Automation.SwitchParameter'; Bindings = 'In'; Value = $__cmdletization_value; IsValuePresent = $true},         } else {,           $__cmdletization_methodParameter = [Microsoft.PowerShell.Cmdletization.MethodParameter]@{Name = 'Platform'; ParameterType = 'System.Management.Automation.SwitchParameter'; Bindings = 'In'; Value = $__cmdletization_defaultValue; IsValuePresent = $__cmdletization_defaultValueIsPresent},         },         $__cmdletization_methodParameters.Add($__cmdletization_methodParameter),       $__cmdletization_returnValue = [Microsoft.PowerShell.Cmdletization.MethodParameter]@{ Name = 'ReturnValue'; ParameterType = 'System.Int32'; Bindings = 'Error'; Value = $null; IsValuePresent = $false },       $__cmdletization_methodInvocationInfo = [Microsoft.PowerShell.Cmdletization.MethodInvocationInfo]::new('Start', $__cmdletization_methodParameters, $__cmdletization_returnValue),       $__cmdletization_objectModelWrapper.ProcessRecord($__cmdletization_methodInvocationInfo),             },         },         catch,         {,             $__cmdletization_exceptionHasBeenThrown = $true,             throw,         },     },         ,     End {,         try,         {,             if (-not $__cmdletization_exceptionHasBeenThrown),             {,                 $__cmdletization_objectModelWrapper.EndProcessing(),             },         },         catch,         {,             throw,         },     },     # .EXTERNALHELP MSFT_MpRollback.cdxml-Help.xml, }, Microsoft.PowerShell.Core\\Export-ModuleMember -Function 'Start-MpRollback' -Alias '*',         , ""},{""@Name"":""ScriptBlockId"",""#text"":""3aa1eb7b-9976-4eb0-be4e-3a77be9c14ac""},{""@Name"":""Path""}]}}"
140,140,2023-03-24 19:10:43.2264741,40961,Info,Microsoft-Windows-PowerShell,Microsoft-Windows-PowerShell/Operational,9328,9372,DESKTOP-887GK2L,37,S-1-5-21-3393683511-3463148672-371912004-1001,,,,,,,,,,,False,C:\Users\user\Desktop\Pentest\Sherlocks\Easy\logjammer\Event-Logs\Powershell-Operational.evtx,0x0,0,"{""EventData"":""""}"
141,141,2023-03-24 19:10:43.3125257,53504,Info,Microsoft-Windows-PowerShell,Microsoft-Windows-PowerShell/Operational,9328,12072,DESKTOP-887GK2L,37,S-1-5-21-3393683511-3463148672-371912004-1001,,,,,,,,,,,False,C:\Users\user\Desktop\Pentest\Sherlocks\Easy\logjammer\Event-Logs\Powershell-Operational.evtx,0x0,0,"{""EventData"":{""Data"":[{""@Name"":""param1"",""#text"":""9328""},{""@Name"":""param2"",""#text"":""DefaultAppDomain""}]}}"
142,142,2023-03-24 19:10:43.3943049,40962,Info,Microsoft-Windows-PowerShell,Microsoft-Windows-PowerShell/Operational,9328,9372,DESKTOP-887GK2L,37,S-1-5-21-3393683511-3463148672-371912004-1001,,,,,,,,,,,False,C:\Users\user\Desktop\Pentest\Sherlocks\Easy\logjammer\Event-Logs\Powershell-Operational.evtx,0x0,0,"{""EventData"":""""}"
143,143,2023-03-24 19:10:55.6828376,40961,Info,Microsoft-Windows-PowerShell,Microsoft-Windows-PowerShell/Operational,6980,5112,DESKTOP-887GK2L,37,S-1-5-21-3393683511-3463148672-371912004-1001,,,,,,,,,,,False,C:\Users\user\Desktop\Pentest\Sherlocks\Easy\logjammer\Event-Logs\Powershell-Operational.evtx,0x0,0,"{""EventData"":""""}"
144,144,2023-03-24 19:10:55.7148108,53504,Info,Microsoft-Windows-PowerShell,Microsoft-Windows-PowerShell/Operational,6980,9244,DESKTOP-887GK2L,37,S-1-5-21-3393683511-3463148672-371912004-1001,,,,,,,,,,,False,C:\Users\user\Desktop\Pentest\Sherlocks\Easy\logjammer\Event-Logs\Powershell-Operational.evtx,0x0,0,"{""EventData"":{""Data"":[{""@Name"":""param1"",""#text"":""6980""},{""@Name"":""param2"",""#text"":""DefaultAppDomain""}]}}"
145,145,2023-03-24 19:10:55.7384725,40962,Info,Microsoft-Windows-PowerShell,Microsoft-Windows-PowerShell/Operational,6980,5112,DESKTOP-887GK2L,37,S-1-5-21-3393683511-3463148672-371912004-1001,,,,,,,,,,,False,C:\Users\user\Desktop\Pentest\Sherlocks\Easy\logjammer\Event-Logs\Powershell-Operational.evtx,0x0,0,"{""EventData"":""""}"
146,146,2023-03-24 19:11:00.5833263,40961,Info,Microsoft-Windows-PowerShell,Microsoft-Windows-PowerShell/Operational,3088,11684,DESKTOP-887GK2L,37,S-1-5-21-3393683511-3463148672-371912004-1001,,,,,,,,,,,False,C:\Users\user\Desktop\Pentest\Sherlocks\Easy\logjammer\Event-Logs\Powershell-Operational.evtx,0x0,0,"{""EventData"":""""}"
147,147,2023-03-24 19:11:00.6188364,53504,Info,Microsoft-Windows-PowerShell,Microsoft-Windows-PowerShell/Operational,3088,9484,DESKTOP-887GK2L,37,S-1-5-21-3393683511-3463148672-371912004-1001,,,,,,,,,,,False,C:\Users\user\Desktop\Pentest\Sherlocks\Easy\logjammer\Event-Logs\Powershell-Operational.evtx,0x0,0,"{""EventData"":{""Data"":[{""@Name"":""param1"",""#text"":""3088""},{""@Name"":""param2"",""#text"":""DefaultAppDomain""}]}}"
148,148,2023-03-24 19:11:00.6440915,40962,Info,Microsoft-Windows-PowerShell,Microsoft-Windows-PowerShell/Operational,3088,11684,DESKTOP-887GK2L,37,S-1-5-21-3393683511-3463148672-371912004-1001,,,,,,,,,,,False,C:\Users\user\Desktop\Pentest\Sherlocks\Easy\logjammer\Event-Logs\Powershell-Operational.evtx,0x0,0,"{""EventData"":""""}"
149,149,2023-03-24 19:11:00.9013507,4104,Warning,Microsoft-Windows-PowerShell,Microsoft-Windows-PowerShell/Operational,3088,7884,DESKTOP-887GK2L,37,S-1-5-21-3393683511-3463148672-371912004-1001,Contains contents of scripts run,,,"Path: ","ScriptBlockText: , #requires -version 3.0, try { Microsoft.PowerShell.Core\Set-StrictMode -Off } catch { }, $script:MyModule = $MyInvocation.MyCommand.ScriptBlock.Module, $script:ClassName = 'ROOT\Microsoft\Windows\Defender\MSFT_MpComputerStatus', $script:ClassVersion = '', $script:ModuleVersion = '1.0', $script:ObjectModelWrapper = [Microsoft.PowerShell.Cmdletization.Cim.CimCmdletAdapter], $script:PrivateData = [System.Collections.Generic.Dictionary[string,string]]::new(), Microsoft.PowerShell.Core\Export-ModuleMember -Function @(),         , function __cmdletization_BindCommonParameters, {,     param(,         $__cmdletization_objectModelWrapper,,         $myPSBoundParameters,     )       ,                 ,         if ($myPSBoundParameters.ContainsKey('CimSession')) { ,             $__cmdletization_objectModelWrapper.PSObject.Properties['CimSession'].Value = $myPSBoundParameters['CimSession'] ,         },                     ,         if ($myPSBoundParameters.ContainsKey('ThrottleLimit')) { ,             $__cmdletization_objectModelWrapper.PSObject.Properties['ThrottleLimit'].Value = $myPSBoundParameters['ThrottleLimit'] ,         },                     ,         if ($myPSBoundParameters.ContainsKey('AsJob')) { ,             $__cmdletization_objectModelWrapper.PSObject.Properties['AsJob'].Value = $myPSBoundParameters['AsJob'] ,         },                     , },                 , function Get-MpComputerStatus, {,     [CmdletBinding(DefaultParameterSetName='DefaultSet', PositionalBinding=$false)],     ,     [OutputType([Microsoft.Management.Infrastructure.CimInstance])], [OutputType('Microsoft.Management.Infrastructure.CimInstance#ROOT\Microsoft\Windows\Defender\MSFT_MpComputerStatus')],     param(,     ,     [Alias('Session')],     [ValidateNotNullOrEmpty()],     [CimSession[]],     ${CimSession},,     [int],     ${ThrottleLimit},,     [switch],     ${AsJob}),     DynamicParam {,         try ,         {,             if (-not $__cmdletization_exceptionHasBeenThrown),             {,                 $__cmdletization_objectModelWrapper = $script:ObjectModelWrapper::new(),                 $__cmdletization_objectModelWrapper.Initialize($PSCmdlet, $script:ClassName, $script:ClassVersion, $script:ModuleVersion, $script:PrivateData),                 if ($__cmdletization_objectModelWrapper -is [System.Management.Automation.IDynamicParameters]),                 {,                     ([System.Management.Automation.IDynamicParameters]$__cmdletization_objectModelWrapper).GetDynamicParameters(),                 },             },         },         catch,         {,             $__cmdletization_exceptionHasBeenThrown = $true,             throw,         },     },     Begin {,         $__cmdletization_exceptionHasBeenThrown = $false,         try ,         {,             __cmdletization_BindCommonParameters $__cmdletization_objectModelWrapper $PSBoundParameters,             $__cmdletization_objectModelWrapper.BeginProcessing(),         },         catch,         {,             $__cmdletization_exceptionHasBeenThrown = $true,             throw,         },     },         ,     Process {,         try ,         {,             if (-not $__cmdletization_exceptionHasBeenThrown),             {,     $__cmdletization_queryBuilder = $__cmdletization_objectModelWrapper.GetQueryBuilder(),     $__cmdletization_objectModelWrapper.ProcessRecord($__cmdletization_queryBuilder),             },         },         catch,         {,             $__cmdletization_exceptionHasBeenThrown = $true,             throw,         },     },         ,     End {,         try,         {,             if (-not $__cmdletization_exceptionHasBeenThrown),             {,                 $__cmdletization_objectModelWrapper.EndProcessing(),             },         },         catch,         {,             throw,         },     },     # .EXTERNALHELP MSFT_MpComputerStatus.cdxml-Help.xml, }, Microsoft.PowerShell.Core\Export-ModuleMember -Function 'Get-MpComputerStatus' -Alias '*',         , ",,,,,,False,C:\Users\user\Desktop\Pentest\Sherlocks\Easy\logjammer\Event-Logs\Powershell-Operational.evtx,0x0,0,"{""EventData"":{""Data"":[{""@Name"":""MessageNumber"",""#text"":""1""},{""@Name"":""MessageTotal"",""#text"":""1""},{""@Name"":""ScriptBlockText"",""#text"":"", #requires -version 3.0, try { Microsoft.PowerShell.Core\\Set-StrictMode -Off } catch { }, $script:MyModule = $MyInvocation.MyCommand.ScriptBlock.Module, $script:ClassName = 'ROOT\\Microsoft\\Windows\\Defender\\MSFT_MpComputerStatus', $script:ClassVersion = '', $script:ModuleVersion = '1.0', $script:ObjectModelWrapper = [Microsoft.PowerShell.Cmdletization.Cim.CimCmdletAdapter], $script:PrivateData = [System.Collections.Generic.Dictionary[string,string]]::new(), Microsoft.PowerShell.Core\\Export-ModuleMember -Function @(),         , function __cmdletization_BindCommonParameters, {,     param(,         $__cmdletization_objectModelWrapper,,         $myPSBoundParameters,     )       ,                 ,         if ($myPSBoundParameters.ContainsKey('CimSession')) { ,             $__cmdletization_objectModelWrapper.PSObject.Properties['CimSession'].Value = $myPSBoundParameters['CimSession'] ,         },                     ,         if ($myPSBoundParameters.ContainsKey('ThrottleLimit')) { ,             $__cmdletization_objectModelWrapper.PSObject.Properties['ThrottleLimit'].Value = $myPSBoundParameters['ThrottleLimit'] ,         },                     ,         if ($myPSBoundParameters.ContainsKey('AsJob')) { ,             $__cmdletization_objectModelWrapper.PSObject.Properties['AsJob'].Value = $myPSBoundParameters['AsJob'] ,         },                     , },                 , function Get-MpComputerStatus, {,     [CmdletBinding(DefaultParameterSetName='DefaultSet', PositionalBinding=$false)],     ,     [OutputType([Microsoft.Management.Infrastructure.CimInstance])], [OutputType('Microsoft.Management.Infrastructure.CimInstance#ROOT\\Microsoft\\Windows\\Defender\\MSFT_MpComputerStatus')],     param(,     ,     [Alias('Session')],     [ValidateNotNullOrEmpty()],     [CimSession[]],     ${CimSession},,     [int],     ${ThrottleLimit},,     [switch],     ${AsJob}),     DynamicParam {,         try ,         {,             if (-not $__cmdletization_exceptionHasBeenThrown),             {,                 $__cmdletization_objectModelWrapper = $script:ObjectModelWrapper::new(),                 $__cmdletization_objectModelWrapper.Initialize($PSCmdlet, $script:ClassName, $script:ClassVersion, $script:ModuleVersion, $script:PrivateData),                 if ($__cmdletization_objectModelWrapper -is [System.Management.Automation.IDynamicParameters]),                 {,                     ([System.Management.Automation.IDynamicParameters]$__cmdletization_objectModelWrapper).GetDynamicParameters(),                 },             },         },         catch,         {,             $__cmdletization_exceptionHasBeenThrown = $true,             throw,         },     },     Begin {,         $__cmdletization_exceptionHasBeenThrown = $false,         try ,         {,             __cmdletization_BindCommonParameters $__cmdletization_objectModelWrapper $PSBoundParameters,             $__cmdletization_objectModelWrapper.BeginProcessing(),         },         catch,         {,             $__cmdletization_exceptionHasBeenThrown = $true,             throw,         },     },         ,     Process {,         try ,         {,             if (-not $__cmdletization_exceptionHasBeenThrown),             {,     $__cmdletization_queryBuilder = $__cmdletization_objectModelWrapper.GetQueryBuilder(),     $__cmdletization_objectModelWrapper.ProcessRecord($__cmdletization_queryBuilder),             },         },         catch,         {,             $__cmdletization_exceptionHasBeenThrown = $true,             throw,         },     },         ,     End {,         try,         {,             if (-not $__cmdletization_exceptionHasBeenThrown),             {,                 $__cmdletization_objectModelWrapper.EndProcessing(),             },         },         catch,         {,             throw,         },     },     # .EXTERNALHELP MSFT_MpComputerStatus.cdxml-Help.xml, }, Microsoft.PowerShell.Core\\Export-ModuleMember -Function 'Get-MpComputerStatus' -Alias '*',         , ""},{""@Name"":""ScriptBlockId"",""#text"":""61abf68c-bbfa-4e82-bdbf-811e0deaf2d5""},{""@Name"":""Path""}]}}"
